2016-04-03 15:04:52,342 0    [main] WARN  com.cdperry.brewday.persistence.ComponentGrainDao  - Added component: com.cdperry.brewday.entity.ComponentGrainEntity@4e0d8cf3 with id of: 33
2016-04-03 15:04:52,354 12   [main] WARN  com.cdperry.brewday.persistence.ComponentGrainDao  - Retrieved component: com.cdperry.brewday.entity.ComponentGrainEntity@dcc83d0c with id of: 33
2016-04-03 15:04:52,368 26   [main] WARN  com.cdperry.brewday.persistence.ComponentGrainDao  - Deleted component: com.cdperry.brewday.entity.ComponentGrainEntity@dcc83d0c with id of: 33
2016-04-03 15:06:13,835 0    [main] WARN  com.cdperry.brewday.persistence.ComponentGrainDao  - Added component: com.cdperry.brewday.entity.ComponentGrainEntity@427e4d72 with id of: 34
2016-04-03 15:06:13,879 44   [main] WARN  com.cdperry.brewday.persistence.ComponentGrainDao  - Retrieved component: com.cdperry.brewday.entity.ComponentGrainEntity@d111ae2b with id of: 34
2016-04-03 15:06:41,587 1    [main] WARN  com.cdperry.brewday.persistence.ComponentGrainDao  - Added component: com.cdperry.brewday.entity.ComponentGrainEntity@36d5a151 with id of: 35
2016-04-03 15:06:41,608 22   [main] WARN  com.cdperry.brewday.persistence.ComponentGrainDao  - Retrieved component: com.cdperry.brewday.entity.ComponentGrainEntity@c55b1f4a with id of: 35
2016-04-03 15:07:34,017 0    [main] WARN  com.cdperry.brewday.persistence.ComponentGrainDao  - Added component: com.cdperry.brewday.entity.ComponentGrainEntity@2b3903f0 with id of: 36
2016-04-03 15:07:34,046 29   [main] WARN  com.cdperry.brewday.persistence.ComponentGrainDao  - Deleted component: com.cdperry.brewday.entity.ComponentGrainEntity@b9a49069 with id of: 36
2016-04-03 15:08:26,267 1    [main] WARN  com.cdperry.brewday.persistence.ComponentGrainDao  - Added component: com.cdperry.brewday.entity.ComponentGrainEntity@1f9c006f with id of: 37
2016-04-03 15:08:26,278 12   [main] WARN  com.cdperry.brewday.persistence.ComponentGrainDao  - Retrieved component: com.cdperry.brewday.entity.ComponentGrainEntity@adee0188 with id of: 37
2016-04-03 15:08:26,306 40   [main] WARN  com.cdperry.brewday.persistence.ComponentGrainDao  - Deleted component: com.cdperry.brewday.entity.ComponentGrainEntity@adee0188 with id of: 37
2016-04-03 15:09:30,658 0    [main] WARN  com.cdperry.brewday.persistence.ComponentGrainDao  - Added component: com.cdperry.brewday.entity.ComponentGrainEntity@1404fc4e with id of: 38
2016-04-03 15:09:30,670 12   [main] WARN  com.cdperry.brewday.persistence.ComponentGrainDao  - Retrieved component: com.cdperry.brewday.entity.ComponentGrainEntity@a23772a7 with id of: 38
2016-04-03 15:09:30,681 23   [main] WARN  com.cdperry.brewday.persistence.ComponentGrainDao  - Deleted component: com.cdperry.brewday.entity.ComponentGrainEntity@a23772a7 with id of: 38
2016-04-03 15:09:30,688 30   [main] WARN  com.cdperry.brewday.persistence.ComponentGrainDao  - Added component: com.cdperry.brewday.entity.ComponentGrainEntity@84f3dad with id of: 39
2016-04-03 15:09:30,694 36   [main] WARN  com.cdperry.brewday.persistence.ComponentGrainDao  - Retrieved component: com.cdperry.brewday.entity.ComponentGrainEntity@9680e3c6 with id of: 39
2016-04-03 15:09:30,702 44   [main] WARN  com.cdperry.brewday.persistence.ComponentGrainDao  - Deleted component: com.cdperry.brewday.entity.ComponentGrainEntity@9680e3c6 with id of: 39
2016-04-03 15:09:30,719 61   [main] WARN  com.cdperry.brewday.persistence.ComponentGrainDao  - Added component: com.cdperry.brewday.entity.ComponentGrainEntity@fc98a20c with id of: 40
2016-04-03 15:09:30,725 67   [main] WARN  com.cdperry.brewday.persistence.ComponentGrainDao  - Retrieved component: com.cdperry.brewday.entity.ComponentGrainEntity@8aca54e5 with id of: 40
2016-04-03 15:09:30,734 76   [main] WARN  com.cdperry.brewday.persistence.ComponentGrainDao  - Updated component: com.cdperry.brewday.entity.ComponentGrainEntity@e6b231d5 with id of: 40
2016-04-03 15:09:30,743 85   [main] WARN  com.cdperry.brewday.persistence.ComponentGrainDao  - Retrieved component: com.cdperry.brewday.entity.ComponentGrainEntity@e6b231d5 with id of: 40
2016-04-03 15:09:30,748 90   [main] WARN  com.cdperry.brewday.persistence.ComponentGrainDao  - Deleted component: com.cdperry.brewday.entity.ComponentGrainEntity@e6b231d5 with id of: 40
2016-04-03 15:09:30,754 96   [main] WARN  com.cdperry.brewday.persistence.ComponentGrainDao  - Added component: com.cdperry.brewday.entity.ComponentGrainEntity@f0e218ab with id of: 41
2016-04-03 15:09:30,760 102  [main] WARN  com.cdperry.brewday.persistence.ComponentGrainDao  - Retrieved component: com.cdperry.brewday.entity.ComponentGrainEntity@7f13c604 with id of: 41
2016-04-03 15:09:30,769 111  [main] WARN  com.cdperry.brewday.persistence.ComponentGrainDao  - Deleted component: com.cdperry.brewday.entity.ComponentGrainEntity@7f13c604 with id of: 41
2016-04-03 15:09:30,775 117  [main] WARN  com.cdperry.brewday.persistence.ComponentGrainDao  - Added component: com.cdperry.brewday.entity.ComponentGrainEntity@ec37143b with id of: 42
2016-04-03 15:09:30,780 122  [main] WARN  com.cdperry.brewday.persistence.ComponentGrainDao  - Added component: com.cdperry.brewday.entity.ComponentGrainEntity@74c4f45b with id of: 43
2016-04-03 15:09:30,922 264  [main] WARN  com.cdperry.brewday.persistence.ComponentGrainDao  - Deleted component: com.cdperry.brewday.entity.ComponentGrainEntity@7a68af74 with id of: 42
2016-04-03 15:09:30,926 268  [main] WARN  com.cdperry.brewday.persistence.ComponentGrainDao  - Deleted component: com.cdperry.brewday.entity.ComponentGrainEntity@2f68f94 with id of: 43
